<?xml version="1.0" encoding="UTF-8"?>
<testng-results ignored="0" total="1" passed="1" failed="0" skipped="0">
  <reporter-output>
  </reporter-output>
  <suite started-at="2024-03-24T21:50:32 GMT-04:00" name="Default suite" finished-at="2024-03-24T21:50:45 GMT-04:00" duration-ms="13149">
    <groups>
    </groups>
    <test started-at="2024-03-24T21:50:32 GMT-04:00" name="Default test" finished-at="2024-03-24T21:50:45 GMT-04:00" duration-ms="13149">
      <class name="com.booking.base.initialisation">
        <test-method signature="driverInitialise()[pri:0, instance:com.booking.base.initialisation@550dbc7a]" started-at="2024-03-24T21:50:32 GMT-04:00" name="driverInitialise" finished-at="2024-03-24T21:50:45 GMT-04:00" duration-ms="13057" status="PASS">
          <reporter-output>
          </reporter-output>
        </test-method> <!-- driverInitialise -->
      </class> <!-- com.booking.base.initialisation -->
    </test> <!-- Default test -->
  </suite> <!-- Default suite -->
</testng-results>
